Reading netlist file: "C:\Users\yibin\OneDrive\Desktop\SUPCON\fc301_yibin\spi_master_f301\spi_master_f301\impl\gwsynthesis\spi_master_f301.vg"
Parsing netlist file "C:\Users\yibin\OneDrive\Desktop\SUPCON\fc301_yibin\spi_master_f301\spi_master_f301\impl\gwsynthesis\spi_master_f301.vg" completed
Processing netlist completed
Reading constraint file: "C:\Users\yibin\OneDrive\Desktop\SUPCON\fc301_yibin\spi_master_f301\spi_master_f301\src\spi_master_f301.cst"
Physical Constraint parsed completed
Running placement......
[10%] Placement Phase 0 completed
[20%] Placement Phase 1 completed
[30%] Placement Phase 2 completed
[50%] Placement Phase 3 completed
Running routing......
[60%] Routing Phase 0 completed
[70%] Routing Phase 1 completed
[80%] Routing Phase 2 completed
[90%] Routing Phase 3 completed
Running timing analysis......
[95%] Timing analysis completed
Placement and routing completed
Bitstream generation in progress......
Bitstream generation completed
Running power analysis......
[100%] Power analysis completed
Generate file "C:\Users\yibin\OneDrive\Desktop\SUPCON\fc301_yibin\spi_master_f301\spi_master_f301\impl\pnr\spi_master_f301.power.html" completed
Generate file "C:\Users\yibin\OneDrive\Desktop\SUPCON\fc301_yibin\spi_master_f301\spi_master_f301\impl\pnr\spi_master_f301.pin.html" completed
Generate file "C:\Users\yibin\OneDrive\Desktop\SUPCON\fc301_yibin\spi_master_f301\spi_master_f301\impl\pnr\spi_master_f301.rpt.html" completed
Generate file "C:\Users\yibin\OneDrive\Desktop\SUPCON\fc301_yibin\spi_master_f301\spi_master_f301\impl\pnr\spi_master_f301.rpt.txt" completed
Generate file "C:\Users\yibin\OneDrive\Desktop\SUPCON\fc301_yibin\spi_master_f301\spi_master_f301\impl\pnr\spi_master_f301.tr.html" completed
Wed Jul 19 16:37:16 2023

