GowinSynthesis start
Running parser ...
Analyzing Verilog file 'C:\Users\yibin\OneDrive\Desktop\SUPCON\fc301_yibin\spi_master_f301\spi_master_f301\src\top.v'
Analyzing Verilog file 'C:\Users\yibin\OneDrive\Desktop\SUPCON\fc301_yibin\spi_master_f301\spi_master_f301\src\SPI_Master.v'
Compiling module 'SPI_Master_With_Single_CS'("C:\Users\yibin\OneDrive\Desktop\SUPCON\fc301_yibin\spi_master_f301\spi_master_f301\src\top.v":35)
WARN  (EX3780) : Using initial value of 'temp_i_TX_Count' since it is never assigned("C:\Users\yibin\OneDrive\Desktop\SUPCON\fc301_yibin\spi_master_f301\spi_master_f301\src\top.v":73)
Compiling module 'SPI_Master'("C:\Users\yibin\OneDrive\Desktop\SUPCON\fc301_yibin\spi_master_f301\spi_master_f301\src\SPI_Master.v":33)
WARN  (EX3780) : Using initial value of 'temp_input' since it is never assigned("C:\Users\yibin\OneDrive\Desktop\SUPCON\fc301_yibin\spi_master_f301\spi_master_f301\src\SPI_Master.v":57)
NOTE  (EX0101) : Current top module is "SPI_Master_With_Single_CS"
[5%] Running netlist conversion ...
WARN  (CV0016) : Input i_TX_Count is unused("C:\Users\yibin\OneDrive\Desktop\SUPCON\fc301_yibin\spi_master_f301\spi_master_f301\src\top.v":46)
WARN  (CV0016) : Input i_TX_Byte is unused("C:\Users\yibin\OneDrive\Desktop\SUPCON\fc301_yibin\spi_master_f301\spi_master_f301\src\top.v":47)
Running device independent optimization ...
[10%] Optimizing Phase 0 completed
[15%] Optimizing Phase 1 completed
[25%] Optimizing Phase 2 completed
Running inference ...
[30%] Inferring Phase 0 completed
[40%] Inferring Phase 1 completed
[50%] Inferring Phase 2 completed
[55%] Inferring Phase 3 completed
Running technical mapping ...
[60%] Tech-Mapping Phase 0 completed
[65%] Tech-Mapping Phase 1 completed
[75%] Tech-Mapping Phase 2 completed
[80%] Tech-Mapping Phase 3 completed
[90%] Tech-Mapping Phase 4 completed
[95%] Generate netlist file "C:\Users\yibin\OneDrive\Desktop\SUPCON\fc301_yibin\spi_master_f301\spi_master_f301\impl\gwsynthesis\spi_master_f301.vg" completed
[100%] Generate report file "C:\Users\yibin\OneDrive\Desktop\SUPCON\fc301_yibin\spi_master_f301\spi_master_f301\impl\gwsynthesis\spi_master_f301_syn.rpt.html" completed
GowinSynthesis finish
