

================================================================
== Vivado HLS Report for 'dut'
================================================================
* Date:           Sat Dec  9 13:10:13 2023

* Version:        2019.2.1 (Build 2724168 on Thu Dec 05 05:19:09 MST 2019)
* Project:        canny.prj
* Solution:       solution1
* Product family: zynq
* Target device:  xc7z020-clg484-1


================================================================
== Performance Estimates
================================================================
+ Timing: 
    * Summary: 
    +--------+----------+----------+------------+
    |  Clock |  Target  | Estimated| Uncertainty|
    +--------+----------+----------+------------+
    |ap_clk  | 10.00 ns | 8.724 ns |   1.25 ns  |
    +--------+----------+----------+------------+

+ Latency: 
    * Summary: 
    +---------+---------+-----------+-----------+---------+---------+---------+
    |  Latency (cycles) |   Latency (absolute)  |      Interval     | Pipeline|
    |   min   |   max   |    min    |    max    |   min   |   max   |   Type  |
    +---------+---------+-----------+-----------+---------+---------+---------+
    |  2210652|  2210652| 22.107 ms | 22.107 ms |  2210652|  2210652|   none  |
    +---------+---------+-----------+-----------+---------+---------+---------+

    + Detail: 
        * Instance: 
        +------------------------------+-------------------+---------+---------+----------+----------+--------+--------+---------+
        |                              |                   |  Latency (cycles) |  Latency (absolute) |     Interval    | Pipeline|
        |           Instance           |       Module      |   min   |   max   |    min   |    max   |   min  |   max  |   Type  |
        +------------------------------+-------------------+---------+---------+----------+----------+--------+--------+---------+
        |grp_Sobel_256u_256u_s_fu_333  |Sobel_256u_256u_s  |   278383|   278383| 2.784 ms | 2.784 ms |  278383|  278383|   none  |
        |grp_GaussianBlur_fu_343       |GaussianBlur       |   879841|   879841| 8.798 ms | 8.798 ms |  879841|  879841|   none  |
        |grp_NonMaxSuppression_fu_350  |NonMaxSuppression  |   263169|   263169| 2.632 ms | 2.632 ms |  263169|  263169|   none  |
        |grp_HystThresholdComp_fu_360  |HystThresholdComp  |   328705|   328705| 3.287 ms | 3.287 ms |  328705|  328705|   none  |
        +------------------------------+-------------------+---------+---------+----------+----------+--------+--------+---------+

        * Loop: 
        +-------------+---------+---------+----------+-----------+-----------+-------+----------+
        |             |  Latency (cycles) | Iteration|  Initiation Interval  |  Trip |          |
        |  Loop Name  |   min   |   max   |  Latency |  achieved |   target  | Count | Pipelined|
        +-------------+---------+---------+----------+-----------+-----------+-------+----------+
        |- Loop 1     |   163840|   163840|        10|          -|          -|  16384|    no    |
        | + Loop 1.1  |        8|        8|         2|          -|          -|      4|    no    |
        |- Loop 2     |    66304|    66304|       259|          -|          -|    256|    no    |
        | + Loop 2.1  |      256|      256|         2|          1|          1|    256|    yes   |
        |- Loop 3     |    66560|    66560|       260|          -|          -|    256|    no    |
        | + Loop 3.1  |      257|      257|         3|          1|          1|    256|    yes   |
        |- Loop 4     |   163840|   163840|        10|          -|          -|  16384|    no    |
        | + Loop 4.1  |        8|        8|         2|          -|          -|      4|    no    |
        +-------------+---------+---------+----------+-----------+-----------+-------+----------+



================================================================
== Utilization Estimates
================================================================
* Summary: 
+-----------------+---------+-------+--------+-------+-----+
|       Name      | BRAM_18K| DSP48E|   FF   |  LUT  | URAM|
+-----------------+---------+-------+--------+-------+-----+
|DSP              |        -|      -|       -|      -|    -|
|Expression       |        -|      -|       0|   1298|    -|
|FIFO             |        -|      -|       -|      -|    -|
|Instance         |        0|      2|    5459|   9267|    -|
|Memory           |      204|      -|       0|      0|    0|
|Multiplexer      |        -|      -|       -|    544|    -|
|Register         |        -|      -|     359|      -|    -|
+-----------------+---------+-------+--------+-------+-----+
|Total            |      204|      2|    5818|  11109|    0|
+-----------------+---------+-------+--------+-------+-----+
|Available        |      280|    220|  106400|  53200|    0|
+-----------------+---------+-------+--------+-------+-----+
|Utilization (%)  |       72|   ~0  |       5|     20|    0|
+-----------------+---------+-------+--------+-------+-----+

+ Detail: 
    * Instance: 
    +------------------------------+-------------------+---------+-------+------+------+-----+
    |           Instance           |       Module      | BRAM_18K| DSP48E|  FF  |  LUT | URAM|
    +------------------------------+-------------------+---------+-------+------+------+-----+
    |grp_GaussianBlur_fu_343       |GaussianBlur       |        0|      0|   619|  2213|    0|
    |grp_HystThresholdComp_fu_360  |HystThresholdComp  |        0|      0|   268|   674|    0|
    |grp_NonMaxSuppression_fu_350  |NonMaxSuppression  |        0|      0|   231|   756|    0|
    |grp_Sobel_256u_256u_s_fu_333  |Sobel_256u_256u_s  |        0|      2|  4341|  5624|    0|
    +------------------------------+-------------------+---------+-------+------+------+-----+
    |Total                         |                   |        0|      2|  5459|  9267|    0|
    +------------------------------+-------------------+---------+-------+------+------+-----+

    * DSP48E: 
    N/A

    * Memory: 
    +---------------+----------------+---------+---+----+-----+-------+-----+------+-------------+
    |     Memory    |     Module     | BRAM_18K| FF| LUT| URAM| Words | Bits| Banks| W*Bits*Banks|
    +---------------+----------------+---------+---+----+-----+-------+-----+------+-------------+
    |fifo2_U        |dut_fifo2       |       32|  0|   0|    0|  65536|    8|     1|       524288|
    |fifo3_value_U  |dut_fifo2       |       32|  0|   0|    0|  65536|    8|     1|       524288|
    |fifo6_U        |dut_fifo2       |       32|  0|   0|    0|  65536|    8|     1|       524288|
    |fifo3_grad_U   |dut_fifo3_grad  |        8|  0|   0|    0|  65536|    2|     1|       131072|
    |fifo4_U        |dut_fifo4       |       32|  0|   0|    0|  65536|    8|     1|       524288|
    |fifo5_U        |dut_fifo4       |       32|  0|   0|    0|  65536|    8|     1|       524288|
    |input_U        |dut_input       |       32|  0|   0|    0|  65536|    8|     1|       524288|
    |output_U       |dut_output      |        4|  0|   0|    0|  65536|    1|     1|        65536|
    +---------------+----------------+---------+---+----+-----+-------+-----+------+-------------+
    |Total          |                |      204|  0|   0|    0| 524288|   51|     8|      3342336|
    +---------------+----------------+---------+---+----+-----+-------+-----+------+-------------+

    * FIFO: 
    N/A

    * Expression: 
    +--------------------------+----------+-------+---+-----+------------+------------+
    |       Variable Name      | Operation| DSP48E| FF| LUT | Bitwidth P0| Bitwidth P1|
    +--------------------------+----------+-------+---+-----+------------+------------+
    |add_ln448_fu_672_p2       |     +    |      0|  0|   23|          16|          16|
    |add_ln532_fu_592_p2       |     +    |      0|  0|   23|          16|          16|
    |add_ln69_fu_520_p2        |     +    |      0|  0|   24|           1|          17|
    |add_ln78_fu_757_p2        |     +    |      0|  0|   24|           1|          17|
    |i_2_fu_730_p2             |     +    |      0|  0|   24|          17|           3|
    |i_fu_379_p2               |     +    |      0|  0|   24|          17|           3|
    |j_1_fu_742_p2             |     +    |      0|  0|   12|           3|           1|
    |j_fu_391_p2               |     +    |      0|  0|   12|           3|           1|
    |xi_1_fu_666_p2            |     +    |      0|  0|   15|           9|           1|
    |xi_fu_586_p2              |     +    |      0|  0|   15|           9|           1|
    |yi_1_fu_638_p2            |     +    |      0|  0|   15|           9|           1|
    |yi_fu_532_p2              |     +    |      0|  0|   15|           9|           1|
    |sub_ln681_1_fu_450_p2     |     -    |      0|  0|   15|           6|           6|
    |sub_ln681_2_fu_479_p2     |     -    |      0|  0|   15|           5|           6|
    |sub_ln681_fu_438_p2       |     -    |      0|  0|   15|           6|           6|
    |and_ln388_1_fu_894_p2     |    and   |      0|  0|   32|          32|          32|
    |and_ln388_2_fu_900_p2     |    and   |      0|  0|   32|          32|          32|
    |and_ln388_fu_882_p2       |    and   |      0|  0|   32|          32|          32|
    |and_ln533_1_fu_562_p2     |    and   |      0|  0|    2|           1|           1|
    |and_ln533_2_fu_618_p2     |    and   |      0|  0|    2|           1|           1|
    |and_ln533_fu_614_p2       |    and   |      0|  0|    2|           1|           1|
    |ap_block_state2           |    and   |      0|  0|    2|           1|           1|
    |ap_block_state21          |    and   |      0|  0|    2|           1|           1|
    |p_Result_s_fu_505_p2      |    and   |      0|  0|   32|          32|          32|
    |icmp_ln388_fu_784_p2      |   icmp   |      0|  0|   11|           5|           5|
    |icmp_ln440_fu_632_p2      |   icmp   |      0|  0|   13|           9|          10|
    |icmp_ln441_fu_660_p2      |   icmp   |      0|  0|   13|           9|          10|
    |icmp_ln448_fu_682_p2      |   icmp   |      0|  0|   11|           8|           5|
    |icmp_ln451_fu_687_p2      |   icmp   |      0|  0|   11|           8|           7|
    |icmp_ln526_fu_526_p2      |   icmp   |      0|  0|   13|           9|          10|
    |icmp_ln527_fu_580_p2      |   icmp   |      0|  0|   13|           9|          10|
    |icmp_ln533_1_fu_556_p2    |   icmp   |      0|  0|   13|           9|           8|
    |icmp_ln533_2_fu_602_p2    |   icmp   |      0|  0|   13|           9|           3|
    |icmp_ln533_3_fu_608_p2    |   icmp   |      0|  0|   13|           9|           8|
    |icmp_ln533_fu_550_p2      |   icmp   |      0|  0|   13|           9|           3|
    |icmp_ln67_fu_385_p2       |   icmp   |      0|  0|    9|           3|           4|
    |icmp_ln681_fu_415_p2      |   icmp   |      0|  0|   11|           5|           5|
    |icmp_ln76_fu_736_p2       |   icmp   |      0|  0|    9|           3|           4|
    |lshr_ln388_fu_876_p2      |   lshr   |      0|  0|  101|           2|          32|
    |lshr_ln681_1_fu_499_p2    |   lshr   |      0|  0|  101|           2|          32|
    |lshr_ln681_fu_493_p2      |   lshr   |      0|  0|  101|          32|          32|
    |or_ln448_fu_705_p2        |    or    |      0|  0|    2|           1|           1|
    |or_ln68_fu_409_p2         |    or    |      0|  0|    5|           3|           5|
    |or_ln77_fu_770_p2         |    or    |      0|  0|    5|           3|           5|
    |p_Result_2_fu_906_p2      |    or    |      0|  0|   32|          32|          32|
    |fifo5_d0                  |  select  |      0|  0|    8|           1|           8|
    |select_ln240_fu_776_p3    |  select  |      0|  0|    8|           1|           8|
    |select_ln388_1_fu_812_p3  |  select  |      0|  0|    6|           1|           6|
    |select_ln388_2_fu_820_p3  |  select  |      0|  0|    6|           1|           6|
    |select_ln388_3_fu_862_p3  |  select  |      0|  0|   32|           1|          32|
    |select_ln388_fu_804_p3    |  select  |      0|  0|    6|           1|           6|
    |select_ln448_1_fu_709_p3  |  select  |      0|  0|    2|           1|           2|
    |select_ln448_fu_697_p3    |  select  |      0|  0|    2|           1|           2|
    |select_ln681_1_fu_464_p3  |  select  |      0|  0|   32|           1|          32|
    |select_ln681_2_fu_471_p3  |  select  |      0|  0|    6|           1|           6|
    |select_ln681_fu_456_p3    |  select  |      0|  0|    6|           1|           6|
    |shl_ln388_1_fu_870_p2     |    shl   |      0|  0|  101|           2|          32|
    |shl_ln388_fu_846_p2       |    shl   |      0|  0|  101|          32|          32|
    |ap_enable_pp0             |    xor   |      0|  0|    2|           1|           2|
    |ap_enable_pp1             |    xor   |      0|  0|    2|           1|           2|
    |ap_enable_reg_pp0_iter1   |    xor   |      0|  0|    2|           2|           1|
    |ap_enable_reg_pp1_iter1   |    xor   |      0|  0|    2|           2|           1|
    |xor_ln388_1_fu_828_p2     |    xor   |      0|  0|    6|           6|           5|
    |xor_ln388_2_fu_888_p2     |    xor   |      0|  0|   32|           2|          32|
    |xor_ln388_fu_798_p2       |    xor   |      0|  0|    6|           6|           5|
    |xor_ln448_fu_692_p2       |    xor   |      0|  0|    2|           1|           2|
    |xor_ln681_fu_444_p2       |    xor   |      0|  0|    6|           6|           5|
    +--------------------------+----------+-------+---+-----+------------+------------+
    |Total                     |          |      0|  0| 1298|         511|         693|
    +--------------------------+----------+-------+---+-----+------------+------------+

    * Multiplexer: 
    +-------------------------+----+-----------+-----+-----------+
    |           Name          | LUT| Input Size| Bits| Total Bits|
    +-------------------------+----+-----------+-----+-----------+
    |ap_NS_fsm                |  97|         20|    1|         20|
    |ap_enable_reg_pp0_iter1  |  15|          3|    1|          3|
    |ap_enable_reg_pp1_iter1  |   9|          2|    1|          2|
    |ap_enable_reg_pp1_iter2  |   9|          2|    1|          2|
    |fifo2_address0           |  15|          3|   16|         48|
    |fifo2_ce0                |  15|          3|    1|          3|
    |fifo2_ce1                |   9|          2|    1|          2|
    |fifo2_we0                |   9|          2|    1|          2|
    |fifo3_grad_address0      |  15|          3|   16|         48|
    |fifo3_grad_ce0           |  15|          3|    1|          3|
    |fifo3_grad_we0           |   9|          2|    1|          2|
    |fifo3_value_address0     |  15|          3|   16|         48|
    |fifo3_value_ce0          |  15|          3|    1|          3|
    |fifo3_value_ce1          |   9|          2|    1|          2|
    |fifo3_value_we0          |   9|          2|    1|          2|
    |fifo4_address0           |  15|          3|   16|         48|
    |fifo4_ce0                |  15|          3|    1|          3|
    |fifo4_we0                |   9|          2|    1|          2|
    |fifo5_address0           |  15|          3|   16|         48|
    |fifo6_address0           |  15|          3|   16|         48|
    |fifo6_ce0                |  15|          3|    1|          3|
    |fifo6_ce1                |   9|          2|    1|          2|
    |i1_0_reg_300             |   9|          2|   17|         34|
    |i1_1_reg_312             |   9|          2|   17|         34|
    |i_0_reg_222              |   9|          2|   17|         34|
    |i_1_reg_234              |   9|          2|   17|         34|
    |input_address0           |  15|          3|   16|         48|
    |input_ce0                |  15|          3|    1|          3|
    |input_ce1                |   9|          2|    1|          2|
    |j2_0_reg_322             |   9|          2|    3|          6|
    |j_0_reg_245              |   9|          2|    3|          6|
    |output_address0          |  15|          3|   16|         48|
    |output_ce0               |  15|          3|    1|          3|
    |output_we0               |   9|          2|    1|          2|
    |strm_in_V_V_blk_n        |   9|          2|    1|          2|
    |strm_out_V_V_blk_n       |   9|          2|    1|          2|
    |xi_0_i_i_reg_267         |   9|          2|    9|         18|
    |xi_0_i_reg_289           |   9|          2|    9|         18|
    |yi_0_i_i_reg_256         |   9|          2|    9|         18|
    |yi_0_i_reg_278           |   9|          2|    9|         18|
    +-------------------------+----+-----------+-----+-----------+
    |Total                    | 544|        114|  260|        674|
    +-------------------------+----+-----------+-----+-----------+

    * Register: 
    +-------------------------------------------+----+----+-----+-----------+
    |                    Name                   | FF | LUT| Bits| Const Bits|
    +-------------------------------------------+----+----+-----+-----------+
    |add_ln78_reg_1083                          |  17|   0|   17|          0|
    |and_ln533_1_reg_963                        |   1|   0|    1|          0|
    |ap_CS_fsm                                  |  19|   0|   19|          0|
    |ap_enable_reg_pp0_iter0                    |   1|   0|    1|          0|
    |ap_enable_reg_pp0_iter1                    |   1|   0|    1|          0|
    |ap_enable_reg_pp1_iter0                    |   1|   0|    1|          0|
    |ap_enable_reg_pp1_iter1                    |   1|   0|    1|          0|
    |ap_enable_reg_pp1_iter2                    |   1|   0|    1|          0|
    |grp_GaussianBlur_fu_343_ap_start_reg       |   1|   0|    1|          0|
    |grp_HystThresholdComp_fu_360_ap_start_reg  |   1|   0|    1|          0|
    |grp_NonMaxSuppression_fu_350_ap_start_reg  |   1|   0|    1|          0|
    |grp_Sobel_256u_256u_s_fu_333_ap_start_reg  |   1|   0|    1|          0|
    |hist_hthr                                  |   0|   0|    8|          8|
    |hist_lthr                                  |   0|   0|    8|          8|
    |i1_0_reg_300                               |  17|   0|   17|          0|
    |i1_1_reg_312                               |  17|   0|   17|          0|
    |i_0_reg_222                                |  17|   0|   17|          0|
    |i_1_reg_234                                |  17|   0|   17|          0|
    |i_2_reg_1060                               |  17|   0|   17|          0|
    |i_reg_926                                  |  17|   0|   17|          0|
    |icmp_ln441_reg_1027                        |   1|   0|    1|          0|
    |icmp_ln441_reg_1027_pp1_iter1_reg          |   1|   0|    1|          0|
    |icmp_ln448_reg_1046                        |   1|   0|    1|          0|
    |icmp_ln451_reg_1052                        |   1|   0|    1|          0|
    |icmp_ln527_reg_978                         |   1|   0|    1|          0|
    |icmp_ln533_2_reg_997                       |   1|   0|    1|          0|
    |icmp_ln533_3_reg_1002                      |   1|   0|    1|          0|
    |j2_0_reg_322                               |   3|   0|    3|          0|
    |j_0_reg_245                                |   3|   0|    3|          0|
    |j_1_reg_1068                               |   3|   0|    3|          0|
    |j_reg_934                                  |   3|   0|    3|          0|
    |shl_ln1_reg_1016                           |   8|   0|   16|          8|
    |shl_ln_reg_958                             |   8|   0|   16|          8|
    |tmp_V_2_reg_920                            |  32|   0|   32|          0|
    |tmp_V_fu_134                               |  32|   0|   32|          0|
    |trunc_ln68_1_reg_939                       |   8|   0|    8|          0|
    |trunc_ln77_reg_1073                        |   2|   0|    2|          0|
    |xi_0_i_i_reg_267                           |   9|   0|    9|          0|
    |xi_0_i_reg_289                             |   9|   0|    9|          0|
    |yi_0_i_i_reg_256                           |   9|   0|    9|          0|
    |yi_0_i_reg_278                             |   9|   0|    9|          0|
    |yi_1_reg_1011                              |   9|   0|    9|          0|
    |yi_reg_953                                 |   9|   0|    9|          0|
    |zext_ln448_reg_1036                        |  16|   0|   64|         48|
    |zext_ln448_reg_1036_pp1_iter1_reg          |  16|   0|   64|         48|
    |zext_ln532_reg_987                         |  16|   0|   64|         48|
    +-------------------------------------------+----+----+-----+-----------+
    |Total                                      | 359|   0|  535|        176|
    +-------------------------------------------+----+----+-----+-----------+



================================================================
== Interface
================================================================
* Summary: 
+---------------------+-----+-----+------------+--------------+--------------+
|      RTL Ports      | Dir | Bits|  Protocol  | Source Object|    C Type    |
+---------------------+-----+-----+------------+--------------+--------------+
|ap_clk               |  in |    1| ap_ctrl_hs |      dut     | return value |
|ap_rst               |  in |    1| ap_ctrl_hs |      dut     | return value |
|ap_start             |  in |    1| ap_ctrl_hs |      dut     | return value |
|ap_done              | out |    1| ap_ctrl_hs |      dut     | return value |
|ap_idle              | out |    1| ap_ctrl_hs |      dut     | return value |
|ap_ready             | out |    1| ap_ctrl_hs |      dut     | return value |
|strm_in_V_V_dout     |  in |   32|   ap_fifo  |  strm_in_V_V |    pointer   |
|strm_in_V_V_empty_n  |  in |    1|   ap_fifo  |  strm_in_V_V |    pointer   |
|strm_in_V_V_read     | out |    1|   ap_fifo  |  strm_in_V_V |    pointer   |
|strm_out_V_V_din     | out |   32|   ap_fifo  | strm_out_V_V |    pointer   |
|strm_out_V_V_full_n  |  in |    1|   ap_fifo  | strm_out_V_V |    pointer   |
|strm_out_V_V_write   | out |    1|   ap_fifo  | strm_out_V_V |    pointer   |
+---------------------+-----+-----+------------+--------------+--------------+

