

================================================================
== Vivado HLS Report for 'dut'
================================================================
* Date:           Sat Dec  9 13:43:56 2023

* Version:        2019.2.1 (Build 2724168 on Thu Dec 05 05:19:09 MST 2019)
* Project:        canny.prj
* Solution:       solution1
* Product family: zynq
* Target device:  xc7z020-clg484-1


================================================================
== Performance Estimates
================================================================
+ Timing: 
    * Summary: 
    +--------+----------+----------+------------+
    |  Clock |  Target  | Estimated| Uncertainty|
    +--------+----------+----------+------------+
    |ap_clk  | 10.00 ns | 8.736 ns |   1.25 ns  |
    +--------+----------+----------+------------+

+ Latency: 
    * Summary: 
    +----------+----------+-----------+-----------+----------+----------+---------+
    |   Latency (cycles)  |   Latency (absolute)  |       Interval      | Pipeline|
    |    min   |    max   |    min    |    max    |    min   |    max   |   Type  |
    +----------+----------+-----------+-----------+----------+----------+---------+
    |  14599614|  20242790| 0.146 sec | 0.202 sec |  14599614|  20242790|   none  |
    +----------+----------+-----------+-----------+----------+----------+---------+

    + Detail: 
        * Instance: 
        +------------------------------+-------------------+---------+---------+-----------+-----------+---------+---------+---------+
        |                              |                   |  Latency (cycles) |   Latency (absolute)  |      Interval     | Pipeline|
        |           Instance           |       Module      |   min   |   max   |    min    |    max    |   min   |   max   |   Type  |
        +------------------------------+-------------------+---------+---------+-----------+-----------+---------+---------+---------+
        |grp_Sobel_256u_256u_s_fu_323  |Sobel_256u_256u_s  |  7522249|  9785425| 75.222 ms | 97.854 ms |  7522249|  9785425|   none  |
        |grp_NonMaxSuppression_fu_337  |NonMaxSuppression  |   459265|   459265|  4.593 ms |  4.593 ms |   459265|   459265|   none  |
        |grp_GaussianBlur_fu_347       |GaussianBlur       |  4191721|  7571721| 41.917 ms | 75.717 ms |  4191721|  7571721|   none  |
        |grp_HystThresholdComp_fu_354  |HystThresholdComp  |  1769985|  1769985| 17.700 ms | 17.700 ms |  1769985|  1769985|   none  |
        +------------------------------+-------------------+---------+---------+-----------+-----------+---------+---------+---------+

        * Loop: 
        +-------------+---------+---------+----------+-----------+-----------+-------+----------+
        |             |  Latency (cycles) | Iteration|  Initiation Interval  |  Trip |          |
        |  Loop Name  |   min   |   max   |  Latency |  achieved |   target  | Count | Pipelined|
        +-------------+---------+---------+----------+-----------+-----------+-------+----------+
        |- Loop 1     |   163840|   163840|        10|          -|          -|  16384|    no    |
        | + Loop 1.1  |        8|        8|         2|          -|          -|      4|    no    |
        |- Loop 2     |   131584|   131584|       514|          -|          -|    256|    no    |
        | + Loop 2.1  |      512|      512|         2|          -|          -|    256|    no    |
        |- Loop 3     |   197120|   197120|       770|          -|          -|    256|    no    |
        | + Loop 3.1  |      768|      768|         3|          -|          -|    256|    no    |
        |- Loop 4     |   163840|   163840|        10|          -|          -|  16384|    no    |
        | + Loop 4.1  |        8|        8|         2|          -|          -|      4|    no    |
        +-------------+---------+---------+----------+-----------+-----------+-------+----------+



================================================================
== Utilization Estimates
================================================================
* Summary: 
+-----------------+---------+-------+--------+-------+-----+
|       Name      | BRAM_18K| DSP48E|   FF   |  LUT  | URAM|
+-----------------+---------+-------+--------+-------+-----+
|DSP              |        -|      -|       -|      -|    -|
|Expression       |        -|      -|       0|   1282|    -|
|FIFO             |        -|      -|       -|      -|    -|
|Instance         |        0|     10|    4077|   6939|    -|
|Memory           |      232|      -|       0|      0|    0|
|Multiplexer      |        -|      -|       -|    488|    -|
|Register         |        -|      -|     354|      -|    -|
+-----------------+---------+-------+--------+-------+-----+
|Total            |      232|     10|    4431|   8709|    0|
+-----------------+---------+-------+--------+-------+-----+
|Available        |      280|    220|  106400|  53200|    0|
+-----------------+---------+-------+--------+-------+-----+
|Utilization (%)  |       82|      4|       4|     16|    0|
+-----------------+---------+-------+--------+-------+-----+

+ Detail: 
    * Instance: 
    +------------------------------+-------------------+---------+-------+------+------+-----+
    |           Instance           |       Module      | BRAM_18K| DSP48E|  FF  |  LUT | URAM|
    +------------------------------+-------------------+---------+-------+------+------+-----+
    |grp_GaussianBlur_fu_347       |GaussianBlur       |        0|      2|   284|   564|    0|
    |grp_HystThresholdComp_fu_354  |HystThresholdComp  |        0|      0|   139|   429|    0|
    |grp_NonMaxSuppression_fu_337  |NonMaxSuppression  |        0|      0|   250|   742|    0|
    |grp_Sobel_256u_256u_s_fu_323  |Sobel_256u_256u_s  |        0|      8|  3404|  5204|    0|
    +------------------------------+-------------------+---------+-------+------+------+-----+
    |Total                         |                   |        0|     10|  4077|  6939|    0|
    +------------------------------+-------------------+---------+-------+------+------+-----+

    * DSP48E: 
    N/A

    * Memory: 
    +---------------+-----------------+---------+---+----+-----+-------+-----+------+-------------+
    |     Memory    |      Module     | BRAM_18K| FF| LUT| URAM| Words | Bits| Banks| W*Bits*Banks|
    +---------------+-----------------+---------+---+----+-----+-------+-----+------+-------------+
    |fifo2_U        |dut_fifo2        |       32|  0|   0|    0|  65536|    8|     1|       524288|
    |fifo4_U        |dut_fifo2        |       32|  0|   0|    0|  65536|    8|     1|       524288|
    |fifo5_U        |dut_fifo2        |       32|  0|   0|    0|  65536|    8|     1|       524288|
    |fifo6_U        |dut_fifo2        |       32|  0|   0|    0|  65536|    8|     1|       524288|
    |fifo3_grad_U   |dut_fifo3_grad   |        8|  0|   0|    0|  65536|    2|     1|       131072|
    |fifo3_value_U  |dut_fifo3_value  |       32|  0|   0|    0|  65536|    8|     1|       524288|
    |input_U        |dut_input        |       32|  0|   0|    0|  65536|    8|     1|       524288|
    |output_U       |dut_input        |       32|  0|   0|    0|  65536|    8|     1|       524288|
    +---------------+-----------------+---------+---+----+-----+-------+-----+------+-------------+
    |Total          |                 |      232|  0|   0|    0| 524288|   58|     8|      3801088|
    +---------------+-----------------+---------+---+----+-----+-------+-----+------+-------------+

    * FIFO: 
    N/A

    * Expression: 
    +--------------------------+----------+-------+---+-----+------------+------------+
    |       Variable Name      | Operation| DSP48E| FF| LUT | Bitwidth P0| Bitwidth P1|
    +--------------------------+----------+-------+---+-----+------------+------------+
    |add_ln448_fu_666_p2       |     +    |      0|  0|   23|          16|          16|
    |add_ln532_fu_586_p2       |     +    |      0|  0|   23|          16|          16|
    |add_ln69_fu_514_p2        |     +    |      0|  0|   24|           1|          17|
    |add_ln78_fu_751_p2        |     +    |      0|  0|   24|           1|          17|
    |i_2_fu_724_p2             |     +    |      0|  0|   24|          17|           3|
    |i_fu_373_p2               |     +    |      0|  0|   24|          17|           3|
    |j_1_fu_736_p2             |     +    |      0|  0|   12|           3|           1|
    |j_fu_385_p2               |     +    |      0|  0|   12|           3|           1|
    |xi_1_fu_660_p2            |     +    |      0|  0|   15|           9|           1|
    |xi_fu_580_p2              |     +    |      0|  0|   15|           9|           1|
    |yi_1_fu_632_p2            |     +    |      0|  0|   15|           9|           1|
    |yi_fu_526_p2              |     +    |      0|  0|   15|           9|           1|
    |sub_ln681_1_fu_444_p2     |     -    |      0|  0|   15|           6|           6|
    |sub_ln681_2_fu_473_p2     |     -    |      0|  0|   15|           5|           6|
    |sub_ln681_fu_432_p2       |     -    |      0|  0|   15|           6|           6|
    |and_ln388_1_fu_884_p2     |    and   |      0|  0|   32|          32|          32|
    |and_ln388_2_fu_890_p2     |    and   |      0|  0|   32|          32|          32|
    |and_ln388_fu_872_p2       |    and   |      0|  0|   32|          32|          32|
    |and_ln533_1_fu_556_p2     |    and   |      0|  0|    2|           1|           1|
    |and_ln533_2_fu_612_p2     |    and   |      0|  0|    2|           1|           1|
    |and_ln533_fu_608_p2       |    and   |      0|  0|    2|           1|           1|
    |ap_block_state19          |    and   |      0|  0|    2|           1|           1|
    |ap_block_state2           |    and   |      0|  0|    2|           1|           1|
    |p_Result_s_fu_499_p2      |    and   |      0|  0|   32|          32|          32|
    |icmp_ln388_fu_774_p2      |   icmp   |      0|  0|   11|           5|           5|
    |icmp_ln440_fu_626_p2      |   icmp   |      0|  0|   13|           9|          10|
    |icmp_ln441_fu_654_p2      |   icmp   |      0|  0|   13|           9|          10|
    |icmp_ln448_fu_676_p2      |   icmp   |      0|  0|   11|           8|           5|
    |icmp_ln451_fu_681_p2      |   icmp   |      0|  0|   11|           8|           7|
    |icmp_ln526_fu_520_p2      |   icmp   |      0|  0|   13|           9|          10|
    |icmp_ln527_fu_574_p2      |   icmp   |      0|  0|   13|           9|          10|
    |icmp_ln533_1_fu_550_p2    |   icmp   |      0|  0|   13|           9|           8|
    |icmp_ln533_2_fu_596_p2    |   icmp   |      0|  0|   13|           9|           3|
    |icmp_ln533_3_fu_602_p2    |   icmp   |      0|  0|   13|           9|           8|
    |icmp_ln533_fu_544_p2      |   icmp   |      0|  0|   13|           9|           3|
    |icmp_ln67_fu_379_p2       |   icmp   |      0|  0|    9|           3|           4|
    |icmp_ln681_fu_409_p2      |   icmp   |      0|  0|   11|           5|           5|
    |icmp_ln76_fu_730_p2       |   icmp   |      0|  0|    9|           3|           4|
    |lshr_ln388_fu_866_p2      |   lshr   |      0|  0|  101|           2|          32|
    |lshr_ln681_1_fu_493_p2    |   lshr   |      0|  0|  101|           2|          32|
    |lshr_ln681_fu_487_p2      |   lshr   |      0|  0|  101|          32|          32|
    |or_ln448_fu_699_p2        |    or    |      0|  0|    2|           1|           1|
    |or_ln68_fu_403_p2         |    or    |      0|  0|    5|           3|           5|
    |or_ln77_fu_764_p2         |    or    |      0|  0|    5|           3|           5|
    |p_Result_2_fu_896_p2      |    or    |      0|  0|   32|          32|          32|
    |fifo5_d0                  |  select  |      0|  0|    8|           1|           8|
    |select_ln388_1_fu_802_p3  |  select  |      0|  0|    6|           1|           6|
    |select_ln388_2_fu_810_p3  |  select  |      0|  0|    6|           1|           6|
    |select_ln388_3_fu_852_p3  |  select  |      0|  0|   32|           1|          32|
    |select_ln388_fu_794_p3    |  select  |      0|  0|    6|           1|           6|
    |select_ln448_1_fu_703_p3  |  select  |      0|  0|    2|           1|           2|
    |select_ln448_fu_691_p3    |  select  |      0|  0|    2|           1|           2|
    |select_ln681_1_fu_458_p3  |  select  |      0|  0|   32|           1|          32|
    |select_ln681_2_fu_465_p3  |  select  |      0|  0|    6|           1|           6|
    |select_ln681_fu_450_p3    |  select  |      0|  0|    6|           1|           6|
    |shl_ln388_1_fu_860_p2     |    shl   |      0|  0|  101|           2|          32|
    |shl_ln388_fu_836_p2       |    shl   |      0|  0|  101|          32|          32|
    |xor_ln388_1_fu_818_p2     |    xor   |      0|  0|    6|           6|           5|
    |xor_ln388_2_fu_878_p2     |    xor   |      0|  0|   32|           2|          32|
    |xor_ln388_fu_788_p2       |    xor   |      0|  0|    6|           6|           5|
    |xor_ln448_fu_686_p2       |    xor   |      0|  0|    2|           1|           2|
    |xor_ln681_fu_438_p2       |    xor   |      0|  0|    6|           6|           5|
    +--------------------------+----------+-------+---+-----+------------+------------+
    |Total                     |          |      0|  0| 1282|         504|         679|
    +--------------------------+----------+-------+---+-----+------------+------------+

    * Multiplexer: 
    +----------------------+-----+-----------+-----+-----------+
    |         Name         | LUT | Input Size| Bits| Total Bits|
    +----------------------+-----+-----------+-----+-----------+
    |ap_NS_fsm             |  101|         21|    1|         21|
    |fifo2_address0        |   15|          3|   16|         48|
    |fifo2_ce0             |   15|          3|    1|          3|
    |fifo2_we0             |    9|          2|    1|          2|
    |fifo3_grad_address0   |   15|          3|   16|         48|
    |fifo3_grad_ce0        |   15|          3|    1|          3|
    |fifo3_grad_we0        |    9|          2|    1|          2|
    |fifo3_value_address0  |   15|          3|   16|         48|
    |fifo3_value_ce0       |   15|          3|    1|          3|
    |fifo3_value_ce1       |    9|          2|    1|          2|
    |fifo3_value_we0       |    9|          2|    1|          2|
    |fifo4_address0        |   15|          3|   16|         48|
    |fifo4_ce0             |   15|          3|    1|          3|
    |fifo4_we0             |    9|          2|    1|          2|
    |fifo5_address0        |   15|          3|   16|         48|
    |fifo6_address0        |   15|          3|   16|         48|
    |fifo6_ce0             |   15|          3|    1|          3|
    |i1_0_reg_290          |    9|          2|   17|         34|
    |i1_1_reg_302          |    9|          2|   17|         34|
    |i_0_reg_212           |    9|          2|   17|         34|
    |i_1_reg_224           |    9|          2|   17|         34|
    |input_address0        |   15|          3|   16|         48|
    |input_ce0             |   15|          3|    1|          3|
    |j2_0_reg_312          |    9|          2|    3|          6|
    |j_0_reg_235           |    9|          2|    3|          6|
    |output_address0       |   15|          3|   16|         48|
    |output_ce0            |   15|          3|    1|          3|
    |output_we0            |    9|          2|    1|          2|
    |strm_in_V_V_blk_n     |    9|          2|    1|          2|
    |strm_out_V_V_blk_n    |    9|          2|    1|          2|
    |xi_0_i_i_reg_257      |    9|          2|    9|         18|
    |xi_0_i_reg_279        |    9|          2|    9|         18|
    |yi_0_i_i_reg_246      |    9|          2|    9|         18|
    |yi_0_i_reg_268        |    9|          2|    9|         18|
    +----------------------+-----+-----------+-----+-----------+
    |Total                 |  488|        102|  254|        662|
    +----------------------+-----+-----------+-----+-----------+

    * Register: 
    +-------------------------------------------+----+----+-----+-----------+
    |                    Name                   | FF | LUT| Bits| Const Bits|
    +-------------------------------------------+----+----+-----+-----------+
    |add_ln78_reg_1069                          |  17|   0|   17|          0|
    |and_ln533_1_reg_952                        |   1|   0|    1|          0|
    |ap_CS_fsm                                  |  20|   0|   20|          0|
    |grp_GaussianBlur_fu_347_ap_start_reg       |   1|   0|    1|          0|
    |grp_HystThresholdComp_fu_354_ap_start_reg  |   1|   0|    1|          0|
    |grp_NonMaxSuppression_fu_337_ap_start_reg  |   1|   0|    1|          0|
    |grp_Sobel_256u_256u_s_fu_323_ap_start_reg  |   1|   0|    1|          0|
    |hist_hthr                                  |   0|   0|    8|          8|
    |hist_lthr                                  |   0|   0|    8|          8|
    |i1_0_reg_290                               |  17|   0|   17|          0|
    |i1_1_reg_302                               |  17|   0|   17|          0|
    |i_0_reg_212                                |  17|   0|   17|          0|
    |i_1_reg_224                                |  17|   0|   17|          0|
    |i_2_reg_1046                               |  17|   0|   17|          0|
    |i_reg_916                                  |  17|   0|   17|          0|
    |icmp_ln448_reg_1032                        |   1|   0|    1|          0|
    |icmp_ln451_reg_1038                        |   1|   0|    1|          0|
    |icmp_ln533_2_reg_985                       |   1|   0|    1|          0|
    |icmp_ln533_3_reg_990                       |   1|   0|    1|          0|
    |j2_0_reg_312                               |   3|   0|    3|          0|
    |j_0_reg_235                                |   3|   0|    3|          0|
    |j_1_reg_1054                               |   3|   0|    3|          0|
    |j_reg_924                                  |   3|   0|    3|          0|
    |shl_ln1_reg_1003                           |   8|   0|   16|          8|
    |shl_ln_reg_947                             |   8|   0|   16|          8|
    |tmp_V_2_reg_910                            |  32|   0|   32|          0|
    |tmp_V_fu_124                               |  32|   0|   32|          0|
    |trunc_ln68_1_reg_929                       |   8|   0|    8|          0|
    |trunc_ln77_reg_1059                        |   2|   0|    2|          0|
    |xi_0_i_i_reg_257                           |   9|   0|    9|          0|
    |xi_0_i_reg_279                             |   9|   0|    9|          0|
    |xi_1_reg_1017                              |   9|   0|    9|          0|
    |xi_reg_970                                 |   9|   0|    9|          0|
    |yi_0_i_i_reg_246                           |   9|   0|    9|          0|
    |yi_0_i_reg_268                             |   9|   0|    9|          0|
    |yi_1_reg_998                               |   9|   0|    9|          0|
    |yi_reg_942                                 |   9|   0|    9|          0|
    |zext_ln448_reg_1022                        |  16|   0|   64|         48|
    |zext_ln532_reg_975                         |  16|   0|   64|         48|
    +-------------------------------------------+----+----+-----+-----------+
    |Total                                      | 354|   0|  482|        128|
    +-------------------------------------------+----+----+-----+-----------+



================================================================
== Interface
================================================================
* Summary: 
+---------------------+-----+-----+------------+--------------+--------------+
|      RTL Ports      | Dir | Bits|  Protocol  | Source Object|    C Type    |
+---------------------+-----+-----+------------+--------------+--------------+
|ap_clk               |  in |    1| ap_ctrl_hs |      dut     | return value |
|ap_rst               |  in |    1| ap_ctrl_hs |      dut     | return value |
|ap_start             |  in |    1| ap_ctrl_hs |      dut     | return value |
|ap_done              | out |    1| ap_ctrl_hs |      dut     | return value |
|ap_idle              | out |    1| ap_ctrl_hs |      dut     | return value |
|ap_ready             | out |    1| ap_ctrl_hs |      dut     | return value |
|strm_in_V_V_dout     |  in |   32|   ap_fifo  |  strm_in_V_V |    pointer   |
|strm_in_V_V_empty_n  |  in |    1|   ap_fifo  |  strm_in_V_V |    pointer   |
|strm_in_V_V_read     | out |    1|   ap_fifo  |  strm_in_V_V |    pointer   |
|strm_out_V_V_din     | out |   32|   ap_fifo  | strm_out_V_V |    pointer   |
|strm_out_V_V_full_n  |  in |    1|   ap_fifo  | strm_out_V_V |    pointer   |
|strm_out_V_V_write   | out |    1|   ap_fifo  | strm_out_V_V |    pointer   |
+---------------------+-----+-----+------------+--------------+--------------+

